[17:53:48.859] [INFO ] o.a.c.c.C.[.[localhost].[/] - Initializing Spring DispatcherServlet 'dispatcherServlet'
[17:53:48.859] [INFO ] o.s.w.servlet.DispatcherServlet - Initializing Servlet 'dispatcherServlet'
[17:53:48.860] [INFO ] o.s.w.servlet.DispatcherServlet - Completed initialization in 1 ms
[17:53:48.867] [DEBUG] o.s.w.f.CommonsRequestLoggingFilter - 
================================================================================================
========== Request : GET /main =========
================================================================================================
[17:53:48.880] [INFO ] c.u.s.controller.MainController - ==============================
[17:53:48.880] [INFO ] c.u.s.controller.MainController - ============ Main ============
[17:53:48.881] [INFO ] c.u.s.controller.MainController - ==============================
[17:53:49.092] [DEBUG] o.s.w.f.CommonsRequestLoggingFilter - GET /main
[17:53:49.122] [DEBUG] o.s.w.f.CommonsRequestLoggingFilter - 
================================================================================================
========== Request : GET /css/main.css =========
================================================================================================
[17:53:49.139] [DEBUG] o.s.w.f.CommonsRequestLoggingFilter - 
================================================================================================
========== Request : GET /css/carousel.css =========
================================================================================================
[17:53:49.149] [DEBUG] o.s.w.f.CommonsRequestLoggingFilter - 
================================================================================================
========== Request : GET /js/common.js =========
================================================================================================
[17:53:49.164] [DEBUG] o.s.w.f.CommonsRequestLoggingFilter - GET /js/common.js
[17:53:49.164] [DEBUG] o.s.w.f.CommonsRequestLoggingFilter - GET /css/main.css
[17:53:49.164] [DEBUG] o.s.w.f.CommonsRequestLoggingFilter - GET /css/carousel.css
[17:53:49.268] [DEBUG] o.s.w.f.CommonsRequestLoggingFilter - 
================================================================================================
========== Request : GET /favicon.ico =========
================================================================================================
[17:53:49.276] [DEBUG] o.s.w.f.CommonsRequestLoggingFilter - GET /favicon.ico
[17:54:15.938] [INFO ] org.quartz.core.QuartzScheduler - Scheduler quartzScheduler_$_NON_CLUSTERED paused.
[17:54:15.955] [INFO ] o.s.s.q.SchedulerFactoryBean - Shutting down Quartz Scheduler
[17:54:15.955] [INFO ] org.quartz.core.QuartzScheduler - Scheduler quartzScheduler_$_NON_CLUSTERED shutting down.
[17:54:15.955] [INFO ] org.quartz.core.QuartzScheduler - Scheduler quartzScheduler_$_NON_CLUSTERED paused.
[17:54:15.956] [INFO ] org.quartz.core.QuartzScheduler - Scheduler quartzScheduler_$_NON_CLUSTERED shutdown complete.
[17:54:16.020] [ INFO] com.unity.shop.ShopApplication - Starting ShopApplication using Java 11.0.12 on DESKTOP-DVJ886C with PID 13844 (D:\github\maven-spring-boot-thymeleaf\target\classes started by wony in d:\github\maven-spring-boot-thymeleaf)
[17:54:16.020] [DEBUG] com.unity.shop.ShopApplication - Running with Spring Boot v2.5.4, Spring v5.3.9
[17:54:16.021] [ INFO] com.unity.shop.ShopApplication - The following profiles are active: dev
[17:54:16.342] [ INFO] o.s.b.w.e.tomcat.TomcatWebServer - Tomcat initialized with port(s): 8080 (http)
[17:54:16.343] [ INFO] o.a.c.http11.Http11NioProtocol - Initializing ProtocolHandler ["http-nio-127.0.0.1-8080"]
[17:54:16.344] [ INFO] o.a.c.core.StandardService - Starting service [Tomcat]
[17:54:16.344] [ INFO] o.a.catalina.core.StandardEngine - Starting Servlet engine: [Apache Tomcat/9.0.52]
[17:54:16.362] [ INFO] o.a.c.c.C.[.[localhost].[/] - Initializing Spring embedded WebApplicationContext
[17:54:16.363] [ INFO] o.s.b.w.s.c.ServletWebServerApplicationContext - Root WebApplicationContext: initialization completed in 340 ms
[17:54:16.370] [DEBUG] o.s.w.f.CommonsRequestLoggingFilter - Filter 'logFilter' configured for use
[17:54:16.465] [DEBUG] _.s.w.s.HandlerMapping.Mappings - 
	c.u.s.c.LoginController:
	{[GET, POST] [/login]}: login(Map,Model,RedirectAttributes)
[17:54:16.466] [DEBUG] _.s.w.s.HandlerMapping.Mappings - 
	c.u.s.c.MainController:
	{ [/main]}: main(Map,Model)
	{[GET, POST] [/getName]}: getName(Map,Model)
	{ [/home]}: home(Map,Model)
	{[GET, POST] [/]}: mainView(Map,Model)
[17:54:16.466] [DEBUG] _.s.w.s.HandlerMapping.Mappings - 
	c.u.s.c.TestController:
	{[GET, POST] [/test/getUserName]}: getUserName(Map,Model)
	{POST [/test/getUserNameJson], produces [application/json]}: getUserNameJson(Map,Model)
	{[GET, POST] [/test/defaultPageCall]}: defaultPageCall(Map,Model)
	{[GET, POST] [/test/changePartOfDomTest]}: changePartOfDom(Map,Model)
[17:54:16.467] [DEBUG] _.s.w.s.HandlerMapping.Mappings - 
	o.s.b.a.w.s.e.BasicErrorController:
	{ [/error]}: error(HttpServletRequest)
	{ [/error], produces [text/html]}: errorHtml(HttpServletRequest,HttpServletResponse)
[17:54:16.470] [ INFO] o.s.b.a.w.s.WelcomePageHandlerMapping - Adding welcome page template: index
[17:54:16.473] [DEBUG] _.s.w.s.HandlerMapping.Mappings - 'beanNameHandlerMapping' {}
[17:54:16.476] [DEBUG] _.s.w.s.HandlerMapping.Mappings - 'resourceHandlerMapping' {/webjars/**=ResourceHttpRequestHandler [Classpath [META-INF/resources/webjars/]], /**=ResourceHttpRequestHandler [Classpath [META-INF/resources/], Classpath [resources/], Classpath [static/], Classpath [public/], ServletContext [/]]}
[17:54:16.485] [ WARN] o.t.templatemode.TemplateMode - [THYMELEAF][restartedMain] Template Mode 'HTML5' is deprecated. Using Template Mode 'HTML' instead.
[17:54:16.511] [ INFO] o.q.impl.StdSchedulerFactory - Using default implementation for ThreadExecutor
[17:54:16.512] [ INFO] o.q.core.SchedulerSignalerImpl - Initialized Scheduler Signaller of type: class org.quartz.core.SchedulerSignalerImpl
[17:54:16.512] [ INFO] org.quartz.core.QuartzScheduler - Quartz Scheduler v.2.3.2 created.
[17:54:16.512] [ INFO] org.quartz.simpl.RAMJobStore - RAMJobStore initialized.
[17:54:16.512] [ INFO] org.quartz.core.QuartzScheduler - Scheduler meta-data: Quartz Scheduler (v2.3.2) 'quartzScheduler' with instanceId 'NON_CLUSTERED'
  Scheduler class: 'org.quartz.core.QuartzScheduler' - running locally.
  NOT STARTED.
  Currently in standby mode.
  Number of jobs executed: 0
  Using thread pool 'org.quartz.simpl.SimpleThreadPool' - with 10 threads.
  Using job-store 'org.quartz.simpl.RAMJobStore' - which does not support persistence. and is not clustered.

[17:54:16.513] [ INFO] o.q.impl.StdSchedulerFactory - Quartz scheduler 'quartzScheduler' initialized from an externally provided properties instance.
[17:54:16.513] [ INFO] o.q.impl.StdSchedulerFactory - Quartz scheduler version: 2.3.2
[17:54:16.513] [ INFO] org.quartz.core.QuartzScheduler - JobFactory set to: org.springframework.scheduling.quartz.SpringBeanJobFactory@6d0882e7
[17:54:16.521] [ INFO] o.s.b.d.a.OptionalLiveReloadServer - LiveReload server is running on port 35729
[17:54:16.529] [ INFO] o.a.c.http11.Http11NioProtocol - Starting ProtocolHandler ["http-nio-127.0.0.1-8080"]
[17:54:16.531] [ INFO] o.s.b.w.e.tomcat.TomcatWebServer - Tomcat started on port(s): 8080 (http) with context path ''
[17:54:16.531] [ INFO] o.s.s.q.SchedulerFactoryBean - Starting Quartz Scheduler now
[17:54:16.531] [ INFO] org.quartz.core.QuartzScheduler - Scheduler quartzScheduler_$_NON_CLUSTERED started.
[17:54:16.533] [ INFO] com.unity.shop.ShopApplication - Started ShopApplication in 0.544 seconds (JVM running for 35.658)
[17:54:16.535] [ INFO] o.s.b.d.a.ConditionEvaluationDeltaLoggingListener - Condition evaluation unchanged
[17:54:19.459] [ INFO] o.a.c.c.C.[.[localhost].[/] - Initializing Spring DispatcherServlet 'dispatcherServlet'
[17:54:19.460] [ INFO] o.s.w.servlet.DispatcherServlet - Initializing Servlet 'dispatcherServlet'
[17:54:19.460] [ INFO] o.s.w.servlet.DispatcherServlet - Completed initialization in 0 ms
[17:54:19.461] [DEBUG] o.s.w.f.CommonsRequestLoggingFilter - 
================================================================================================
========== Request : GET /main =========
================================================================================================
[17:54:19.462] [ INFO] c.u.s.controller.MainController - ==============================
[17:54:19.462] [ INFO] c.u.s.controller.MainController - ============ Main ============
[17:54:19.462] [ INFO] c.u.s.controller.MainController - ==============================
[17:54:19.486] [DEBUG] o.s.w.f.CommonsRequestLoggingFilter - GET /main
[17:54:19.565] [DEBUG] o.s.w.f.CommonsRequestLoggingFilter - 
================================================================================================
========== Request : GET /css/carousel.css =========
================================================================================================
[17:54:19.568] [DEBUG] o.s.w.f.CommonsRequestLoggingFilter - GET /css/carousel.css
[17:54:19.568] [DEBUG] o.s.w.f.CommonsRequestLoggingFilter - 
================================================================================================
========== Request : GET /js/common.js =========
================================================================================================
[17:54:19.574] [DEBUG] o.s.w.f.CommonsRequestLoggingFilter - GET /js/common.js
[17:54:19.576] [DEBUG] o.s.w.f.CommonsRequestLoggingFilter - 
================================================================================================
========== Request : GET /css/main.css =========
================================================================================================
[17:54:19.580] [DEBUG] o.s.w.f.CommonsRequestLoggingFilter - GET /css/main.css
[17:54:19.683] [DEBUG] o.s.w.f.CommonsRequestLoggingFilter - 
================================================================================================
========== Request : GET /favicon.ico =========
================================================================================================
[17:54:19.686] [DEBUG] o.s.w.f.CommonsRequestLoggingFilter - GET /favicon.ico
[17:54:38.974] [ INFO] org.quartz.core.QuartzScheduler - Scheduler quartzScheduler_$_NON_CLUSTERED paused.
[17:54:38.984] [ INFO] o.s.s.q.SchedulerFactoryBean - Shutting down Quartz Scheduler
[17:54:38.984] [ INFO] org.quartz.core.QuartzScheduler - Scheduler quartzScheduler_$_NON_CLUSTERED shutting down.
[17:54:38.984] [ INFO] org.quartz.core.QuartzScheduler - Scheduler quartzScheduler_$_NON_CLUSTERED paused.
[17:54:38.984] [ INFO] org.quartz.core.QuartzScheduler - Scheduler quartzScheduler_$_NON_CLUSTERED shutdown complete.
[17:54:39.032] [5level] com.unity.shop.ShopApplication - Starting ShopApplication using Java 11.0.12 on DESKTOP-DVJ886C with PID 13844 (D:\github\maven-spring-boot-thymeleaf\target\classes started by wony in d:\github\maven-spring-boot-thymeleaf)
[17:54:39.032] [5level] com.unity.shop.ShopApplication - Running with Spring Boot v2.5.4, Spring v5.3.9
[17:54:39.032] [5level] com.unity.shop.ShopApplication - The following profiles are active: dev
[17:54:39.182] [5level] o.s.b.w.e.tomcat.TomcatWebServer - Tomcat initialized with port(s): 8080 (http)
[17:54:39.182] [5level] o.a.c.http11.Http11NioProtocol - Initializing ProtocolHandler ["http-nio-127.0.0.1-8080"]
[17:54:39.183] [5level] o.a.c.core.StandardService - Starting service [Tomcat]
[17:54:39.183] [5level] o.a.catalina.core.StandardEngine - Starting Servlet engine: [Apache Tomcat/9.0.52]
[17:54:39.196] [5level] o.a.c.c.C.[.[localhost].[/] - Initializing Spring embedded WebApplicationContext
[17:54:39.196] [5level] o.s.b.w.s.c.ServletWebServerApplicationContext - Root WebApplicationContext: initialization completed in 162 ms
[17:54:39.202] [5level] o.s.w.f.CommonsRequestLoggingFilter - Filter 'logFilter' configured for use
[17:54:39.255] [5level] _.s.w.s.HandlerMapping.Mappings - 
	c.u.s.c.LoginController:
	{[GET, POST] [/login]}: login(Map,Model,RedirectAttributes)
[17:54:39.256] [5level] _.s.w.s.HandlerMapping.Mappings - 
	c.u.s.c.MainController:
	{ [/main]}: main(Map,Model)
	{[GET, POST] [/getName]}: getName(Map,Model)
	{ [/home]}: home(Map,Model)
	{[GET, POST] [/]}: mainView(Map,Model)
[17:54:39.257] [5level] _.s.w.s.HandlerMapping.Mappings - 
	c.u.s.c.TestController:
	{[GET, POST] [/test/getUserName]}: getUserName(Map,Model)
	{POST [/test/getUserNameJson], produces [application/json]}: getUserNameJson(Map,Model)
	{[GET, POST] [/test/defaultPageCall]}: defaultPageCall(Map,Model)
	{[GET, POST] [/test/changePartOfDomTest]}: changePartOfDom(Map,Model)
[17:54:39.258] [5level] _.s.w.s.HandlerMapping.Mappings - 
	o.s.b.a.w.s.e.BasicErrorController:
	{ [/error]}: error(HttpServletRequest)
	{ [/error], produces [text/html]}: errorHtml(HttpServletRequest,HttpServletResponse)
[17:54:39.261] [5level] o.s.b.a.w.s.WelcomePageHandlerMapping - Adding welcome page template: index
[17:54:39.263] [5level] _.s.w.s.HandlerMapping.Mappings - 'beanNameHandlerMapping' {}
[17:54:39.265] [5level] _.s.w.s.HandlerMapping.Mappings - 'resourceHandlerMapping' {/webjars/**=ResourceHttpRequestHandler [Classpath [META-INF/resources/webjars/]], /**=ResourceHttpRequestHandler [Classpath [META-INF/resources/], Classpath [resources/], Classpath [static/], Classpath [public/], ServletContext [/]]}
[17:54:39.270] [5level] o.t.templatemode.TemplateMode - [THYMELEAF][restartedMain] Template Mode 'HTML5' is deprecated. Using Template Mode 'HTML' instead.
[17:54:39.287] [5level] o.q.impl.StdSchedulerFactory - Using default implementation for ThreadExecutor
[17:54:39.288] [5level] o.q.core.SchedulerSignalerImpl - Initialized Scheduler Signaller of type: class org.quartz.core.SchedulerSignalerImpl
[17:54:39.288] [5level] org.quartz.core.QuartzScheduler - Quartz Scheduler v.2.3.2 created.
[17:54:39.288] [5level] org.quartz.simpl.RAMJobStore - RAMJobStore initialized.
[17:54:39.288] [5level] org.quartz.core.QuartzScheduler - Scheduler meta-data: Quartz Scheduler (v2.3.2) 'quartzScheduler' with instanceId 'NON_CLUSTERED'
  Scheduler class: 'org.quartz.core.QuartzScheduler' - running locally.
  NOT STARTED.
  Currently in standby mode.
  Number of jobs executed: 0
  Using thread pool 'org.quartz.simpl.SimpleThreadPool' - with 10 threads.
  Using job-store 'org.quartz.simpl.RAMJobStore' - which does not support persistence. and is not clustered.

[17:54:39.288] [5level] o.q.impl.StdSchedulerFactory - Quartz scheduler 'quartzScheduler' initialized from an externally provided properties instance.
[17:54:39.288] [5level] o.q.impl.StdSchedulerFactory - Quartz scheduler version: 2.3.2
[17:54:39.288] [5level] org.quartz.core.QuartzScheduler - JobFactory set to: org.springframework.scheduling.quartz.SpringBeanJobFactory@3e1ce072
[17:54:39.293] [5level] o.s.b.d.a.OptionalLiveReloadServer - LiveReload server is running on port 35729
[17:54:39.297] [5level] o.a.c.http11.Http11NioProtocol - Starting ProtocolHandler ["http-nio-127.0.0.1-8080"]
[17:54:39.298] [5level] o.s.b.w.e.tomcat.TomcatWebServer - Tomcat started on port(s): 8080 (http) with context path ''
[17:54:39.299] [5level] o.s.s.q.SchedulerFactoryBean - Starting Quartz Scheduler now
[17:54:39.299] [5level] org.quartz.core.QuartzScheduler - Scheduler quartzScheduler_$_NON_CLUSTERED started.
[17:54:39.300] [5level] com.unity.shop.ShopApplication - Started ShopApplication in 0.289 seconds (JVM running for 58.425)
[17:54:39.301] [5level] o.s.b.d.a.ConditionEvaluationDeltaLoggingListener - Condition evaluation unchanged
[17:54:43.726] [5level] o.a.c.c.C.[.[localhost].[/] - Initializing Spring DispatcherServlet 'dispatcherServlet'
[17:54:43.727] [5level] o.s.w.servlet.DispatcherServlet - Initializing Servlet 'dispatcherServlet'
[17:54:43.727] [5level] o.s.w.servlet.DispatcherServlet - Completed initialization in 0 ms
[17:54:43.727] [5level] o.s.w.f.CommonsRequestLoggingFilter - 
================================================================================================
========== Request : GET /main =========
================================================================================================
[17:54:43.728] [5level] c.u.s.controller.MainController - ==============================
[17:54:43.729] [5level] c.u.s.controller.MainController - ============ Main ============
[17:54:43.729] [5level] c.u.s.controller.MainController - ==============================
[17:54:43.749] [5level] o.s.w.f.CommonsRequestLoggingFilter - GET /main
[17:54:43.781] [5level] o.s.w.f.CommonsRequestLoggingFilter - 
================================================================================================
========== Request : GET /css/carousel.css =========
================================================================================================
[17:54:43.782] [5level] o.s.w.f.CommonsRequestLoggingFilter - 
================================================================================================
========== Request : GET /css/main.css =========
================================================================================================
[17:54:43.784] [5level] o.s.w.f.CommonsRequestLoggingFilter - GET /css/carousel.css
[17:54:43.784] [5level] o.s.w.f.CommonsRequestLoggingFilter - GET /css/main.css
[17:54:43.795] [5level] o.s.w.f.CommonsRequestLoggingFilter - 
================================================================================================
========== Request : GET /js/common.js =========
================================================================================================
[17:54:43.797] [5level] o.s.w.f.CommonsRequestLoggingFilter - GET /js/common.js
[17:54:43.876] [5level] o.s.w.f.CommonsRequestLoggingFilter - 
================================================================================================
========== Request : GET /favicon.ico =========
================================================================================================
[17:54:43.878] [5level] o.s.w.f.CommonsRequestLoggingFilter - GET /favicon.ico
[17:54:57.738] [5level] org.quartz.core.QuartzScheduler - Scheduler quartzScheduler_$_NON_CLUSTERED paused.
[17:54:57.748] [5level] o.s.s.q.SchedulerFactoryBean - Shutting down Quartz Scheduler
[17:54:57.748] [5level] org.quartz.core.QuartzScheduler - Scheduler quartzScheduler_$_NON_CLUSTERED shutting down.
[17:54:57.748] [5level] org.quartz.core.QuartzScheduler - Scheduler quartzScheduler_$_NON_CLUSTERED paused.
[17:54:57.748] [5level] org.quartz.core.QuartzScheduler - Scheduler quartzScheduler_$_NON_CLUSTERED shutdown complete.
[17:54:57.812] [INFO ] com.unity.shop.ShopApplication - Starting ShopApplication using Java 11.0.12 on DESKTOP-DVJ886C with PID 13844 (D:\github\maven-spring-boot-thymeleaf\target\classes started by wony in d:\github\maven-spring-boot-thymeleaf)
[17:54:57.812] [DEBUG] com.unity.shop.ShopApplication - Running with Spring Boot v2.5.4, Spring v5.3.9
[17:54:57.812] [INFO ] com.unity.shop.ShopApplication - The following profiles are active: dev
[17:54:57.953] [INFO ] o.s.b.w.e.tomcat.TomcatWebServer - Tomcat initialized with port(s): 8080 (http)
[17:54:57.953] [INFO ] o.a.c.http11.Http11NioProtocol - Initializing ProtocolHandler ["http-nio-127.0.0.1-8080"]
[17:54:57.953] [INFO ] o.a.c.core.StandardService - Starting service [Tomcat]
[17:54:57.953] [INFO ] o.a.catalina.core.StandardEngine - Starting Servlet engine: [Apache Tomcat/9.0.52]
[17:54:57.966] [INFO ] o.a.c.c.C.[.[localhost].[/] - Initializing Spring embedded WebApplicationContext
[17:54:57.966] [INFO ] o.s.b.w.s.c.ServletWebServerApplicationContext - Root WebApplicationContext: initialization completed in 153 ms
[17:54:57.971] [DEBUG] o.s.w.f.CommonsRequestLoggingFilter - Filter 'logFilter' configured for use
[17:54:58.022] [DEBUG] _.s.w.s.HandlerMapping.Mappings - 
	c.u.s.c.LoginController:
	{[GET, POST] [/login]}: login(Map,Model,RedirectAttributes)
[17:54:58.022] [DEBUG] _.s.w.s.HandlerMapping.Mappings - 
	c.u.s.c.MainController:
	{ [/main]}: main(Map,Model)
	{[GET, POST] [/getName]}: getName(Map,Model)
	{ [/home]}: home(Map,Model)
	{[GET, POST] [/]}: mainView(Map,Model)
[17:54:58.023] [DEBUG] _.s.w.s.HandlerMapping.Mappings - 
	c.u.s.c.TestController:
	{[GET, POST] [/test/getUserName]}: getUserName(Map,Model)
	{POST [/test/getUserNameJson], produces [application/json]}: getUserNameJson(Map,Model)
	{[GET, POST] [/test/defaultPageCall]}: defaultPageCall(Map,Model)
	{[GET, POST] [/test/changePartOfDomTest]}: changePartOfDom(Map,Model)
[17:54:58.024] [DEBUG] _.s.w.s.HandlerMapping.Mappings - 
	o.s.b.a.w.s.e.BasicErrorController:
	{ [/error]}: error(HttpServletRequest)
	{ [/error], produces [text/html]}: errorHtml(HttpServletRequest,HttpServletResponse)
[17:54:58.027] [INFO ] o.s.b.a.w.s.WelcomePageHandlerMapping - Adding welcome page template: index
[17:54:58.029] [DEBUG] _.s.w.s.HandlerMapping.Mappings - 'beanNameHandlerMapping' {}
[17:54:58.031] [DEBUG] _.s.w.s.HandlerMapping.Mappings - 'resourceHandlerMapping' {/webjars/**=ResourceHttpRequestHandler [Classpath [META-INF/resources/webjars/]], /**=ResourceHttpRequestHandler [Classpath [META-INF/resources/], Classpath [resources/], Classpath [static/], Classpath [public/], ServletContext [/]]}
[17:54:58.039] [WARN ] o.t.templatemode.TemplateMode - [THYMELEAF][restartedMain] Template Mode 'HTML5' is deprecated. Using Template Mode 'HTML' instead.
[17:54:58.053] [INFO ] o.q.impl.StdSchedulerFactory - Using default implementation for ThreadExecutor
[17:54:58.053] [INFO ] o.q.core.SchedulerSignalerImpl - Initialized Scheduler Signaller of type: class org.quartz.core.SchedulerSignalerImpl
[17:54:58.053] [INFO ] org.quartz.core.QuartzScheduler - Quartz Scheduler v.2.3.2 created.
[17:54:58.053] [INFO ] org.quartz.simpl.RAMJobStore - RAMJobStore initialized.
[17:54:58.053] [INFO ] org.quartz.core.QuartzScheduler - Scheduler meta-data: Quartz Scheduler (v2.3.2) 'quartzScheduler' with instanceId 'NON_CLUSTERED'
  Scheduler class: 'org.quartz.core.QuartzScheduler' - running locally.
  NOT STARTED.
  Currently in standby mode.
  Number of jobs executed: 0
  Using thread pool 'org.quartz.simpl.SimpleThreadPool' - with 10 threads.
  Using job-store 'org.quartz.simpl.RAMJobStore' - which does not support persistence. and is not clustered.

[17:54:58.053] [INFO ] o.q.impl.StdSchedulerFactory - Quartz scheduler 'quartzScheduler' initialized from an externally provided properties instance.
[17:54:58.053] [INFO ] o.q.impl.StdSchedulerFactory - Quartz scheduler version: 2.3.2
[17:54:58.053] [INFO ] org.quartz.core.QuartzScheduler - JobFactory set to: org.springframework.scheduling.quartz.SpringBeanJobFactory@36e3869e
[17:54:58.058] [INFO ] o.s.b.d.a.OptionalLiveReloadServer - LiveReload server is running on port 35729
[17:54:58.063] [INFO ] o.a.c.http11.Http11NioProtocol - Starting ProtocolHandler ["http-nio-127.0.0.1-8080"]
[17:54:58.064] [INFO ] o.s.b.w.e.tomcat.TomcatWebServer - Tomcat started on port(s): 8080 (http) with context path ''
[17:54:58.064] [INFO ] o.s.s.q.SchedulerFactoryBean - Starting Quartz Scheduler now
[17:54:58.065] [INFO ] org.quartz.core.QuartzScheduler - Scheduler quartzScheduler_$_NON_CLUSTERED started.
[17:54:58.066] [INFO ] com.unity.shop.ShopApplication - Started ShopApplication in 0.275 seconds (JVM running for 77.191)
[17:54:58.067] [INFO ] o.s.b.d.a.ConditionEvaluationDeltaLoggingListener - Condition evaluation unchanged
[17:55:11.565] [INFO ] o.a.c.c.C.[.[localhost].[/] - Initializing Spring DispatcherServlet 'dispatcherServlet'
[17:55:11.566] [INFO ] o.s.w.servlet.DispatcherServlet - Initializing Servlet 'dispatcherServlet'
[17:55:11.566] [INFO ] o.s.w.servlet.DispatcherServlet - Completed initialization in 0 ms
[17:55:11.566] [DEBUG] o.s.w.f.CommonsRequestLoggingFilter - 
================================================================================================
========== Request : GET /main =========
================================================================================================
[17:55:11.567] [INFO ] c.u.s.controller.MainController - ==============================
[17:55:11.567] [INFO ] c.u.s.controller.MainController - ============ Main ============
[17:55:11.568] [INFO ] c.u.s.controller.MainController - ==============================
[17:55:11.583] [DEBUG] o.s.w.f.CommonsRequestLoggingFilter - GET /main
[17:55:11.621] [DEBUG] o.s.w.f.CommonsRequestLoggingFilter - 
================================================================================================
========== Request : GET /css/carousel.css =========
================================================================================================
[17:55:11.638] [DEBUG] o.s.w.f.CommonsRequestLoggingFilter - GET /css/carousel.css
[17:55:11.642] [DEBUG] o.s.w.f.CommonsRequestLoggingFilter - 
================================================================================================
========== Request : GET /js/common.js =========
================================================================================================
[17:55:11.650] [DEBUG] o.s.w.f.CommonsRequestLoggingFilter - GET /js/common.js
[17:55:11.652] [DEBUG] o.s.w.f.CommonsRequestLoggingFilter - 
================================================================================================
========== Request : GET /css/main.css =========
================================================================================================
[17:55:11.665] [DEBUG] o.s.w.f.CommonsRequestLoggingFilter - GET /css/main.css
[17:55:11.736] [DEBUG] o.s.w.f.CommonsRequestLoggingFilter - 
================================================================================================
========== Request : GET /favicon.ico =========
================================================================================================
[17:55:11.737] [DEBUG] o.s.w.f.CommonsRequestLoggingFilter - GET /favicon.ico
[17:56:57.735] [INFO ] org.quartz.core.QuartzScheduler - Scheduler quartzScheduler_$_NON_CLUSTERED paused.
[17:56:57.745] [INFO ] o.s.s.q.SchedulerFactoryBean - Shutting down Quartz Scheduler
[17:56:57.745] [INFO ] org.quartz.core.QuartzScheduler - Scheduler quartzScheduler_$_NON_CLUSTERED shutting down.
[17:56:57.745] [INFO ] org.quartz.core.QuartzScheduler - Scheduler quartzScheduler_$_NON_CLUSTERED paused.
[17:56:57.746] [INFO ] org.quartz.core.QuartzScheduler - Scheduler quartzScheduler_$_NON_CLUSTERED shutdown complete.
[17:56:57.809] [INFO ] com.unity.shop.ShopApplication - Starting ShopApplication using Java 11.0.12 on DESKTOP-DVJ886C with PID 13844 (D:\github\maven-spring-boot-thymeleaf\target\classes started by wony in d:\github\maven-spring-boot-thymeleaf)
[17:56:57.809] [DEBUG] com.unity.shop.ShopApplication - Running with Spring Boot v2.5.4, Spring v5.3.9
[17:56:57.809] [INFO ] com.unity.shop.ShopApplication - The following profiles are active: dev
